Analysis & Synthesis report for logisimTopLevelShell
Mon May 20 11:26:08 2024
Quartus Prime Version 22.1std.1 Build 917 02/14/2023 SC Lite Edition


---------------------
; Table of Contents ;
---------------------
  1. Legal Notice
  2. Analysis & Synthesis Summary
  3. Analysis & Synthesis Settings
  4. Parallel Compilation
  5. Analysis & Synthesis Source Files Read
  6. Analysis & Synthesis Resource Usage Summary
  7. Analysis & Synthesis Resource Utilization by Entity
  8. Registers Removed During Synthesis
  9. General Register Statistics
 10. Parameter Settings for User Entity Instance: logisimTickGenerator:BASE_0
 11. Parameter Settings for User Entity Instance: LogisimClockComponent:BASE_1
 12. Port Connectivity Checks: "main:CIRCUIT_0|count4:count4_4"
 13. Post-Synthesis Netlist Statistics for Top Partition
 14. Elapsed Time Per Partition
 15. Analysis & Synthesis Messages



----------------
; Legal Notice ;
----------------
Copyright (C) 2023  Intel Corporation. All rights reserved.
Your use of Intel Corporation's design tools, logic functions 
and other software and tools, and any partner logic 
functions, and any output files from any of the foregoing 
(including device programming or simulation files), and any 
associated documentation or information are expressly subject 
to the terms and conditions of the Intel Program License 
Subscription Agreement, the Intel Quartus Prime License Agreement,
the Intel FPGA IP License Agreement, or other applicable license
agreement, including, without limitation, that your use is for
the sole purpose of programming logic devices manufactured by
Intel and sold by Intel or its authorized distributors.  Please
refer to the applicable agreement for further details, at
https://fpgasoftware.intel.com/eula.



+-------------------------------------------------------------------------------------+
; Analysis & Synthesis Summary                                                        ;
+------------------------------------+------------------------------------------------+
; Analysis & Synthesis Status        ; Successful - Mon May 20 11:26:08 2024          ;
; Quartus Prime Version              ; 22.1std.1 Build 917 02/14/2023 SC Lite Edition ;
; Revision Name                      ; logisimTopLevelShell                           ;
; Top-level Entity Name              ; logisimTopLevelShell                           ;
; Family                             ; MAX 10                                         ;
; Total logic elements               ; 79                                             ;
;     Total combinational functions  ; 77                                             ;
;     Dedicated logic registers      ; 45                                             ;
; Total registers                    ; 45                                             ;
; Total pins                         ; 35                                             ;
; Total virtual pins                 ; 0                                              ;
; Total memory bits                  ; 0                                              ;
; Embedded Multiplier 9-bit elements ; 0                                              ;
; Total PLLs                         ; 0                                              ;
; UFM blocks                         ; 0                                              ;
; ADC blocks                         ; 0                                              ;
+------------------------------------+------------------------------------------------+


+----------------------------------------------------------------------------------------------------------------+
; Analysis & Synthesis Settings                                                                                  ;
+------------------------------------------------------------------+----------------------+----------------------+
; Option                                                           ; Setting              ; Default Value        ;
+------------------------------------------------------------------+----------------------+----------------------+
; Device                                                           ; 10M50DAF484C7G       ;                      ;
; Top-level entity name                                            ; logisimTopLevelShell ; logisimTopLevelShell ;
; Family name                                                      ; MAX 10               ; Cyclone V            ;
; Optimization Technique                                           ; Area                 ; Balanced             ;
; Use smart compilation                                            ; Off                  ; Off                  ;
; Enable parallel Assembler and Timing Analyzer during compilation ; On                   ; On                   ;
; Enable compact report table                                      ; Off                  ; Off                  ;
; Restructure Multiplexers                                         ; Auto                 ; Auto                 ;
; Create Debugging Nodes for IP Cores                              ; Off                  ; Off                  ;
; Preserve fewer node names                                        ; On                   ; On                   ;
; Intel FPGA IP Evaluation Mode                                    ; Enable               ; Enable               ;
; Verilog Version                                                  ; Verilog_2001         ; Verilog_2001         ;
; VHDL Version                                                     ; VHDL_1993            ; VHDL_1993            ;
; State Machine Processing                                         ; Auto                 ; Auto                 ;
; Safe State Machine                                               ; Off                  ; Off                  ;
; Extract Verilog State Machines                                   ; On                   ; On                   ;
; Extract VHDL State Machines                                      ; On                   ; On                   ;
; Ignore Verilog initial constructs                                ; Off                  ; Off                  ;
; Iteration limit for constant Verilog loops                       ; 5000                 ; 5000                 ;
; Iteration limit for non-constant Verilog loops                   ; 250                  ; 250                  ;
; Add Pass-Through Logic to Inferred RAMs                          ; On                   ; On                   ;
; Infer RAMs from Raw Logic                                        ; On                   ; On                   ;
; Parallel Synthesis                                               ; On                   ; On                   ;
; DSP Block Balancing                                              ; Auto                 ; Auto                 ;
; NOT Gate Push-Back                                               ; On                   ; On                   ;
; Power-Up Don't Care                                              ; On                   ; On                   ;
; Remove Redundant Logic Cells                                     ; Off                  ; Off                  ;
; Remove Duplicate Registers                                       ; On                   ; On                   ;
; Ignore CARRY Buffers                                             ; Off                  ; Off                  ;
; Ignore CASCADE Buffers                                           ; Off                  ; Off                  ;
; Ignore GLOBAL Buffers                                            ; Off                  ; Off                  ;
; Ignore ROW GLOBAL Buffers                                        ; Off                  ; Off                  ;
; Ignore LCELL Buffers                                             ; Off                  ; Off                  ;
; Ignore SOFT Buffers                                              ; On                   ; On                   ;
; Limit AHDL Integers to 32 Bits                                   ; Off                  ; Off                  ;
; Carry Chain Length                                               ; 70                   ; 70                   ;
; Auto Carry Chains                                                ; On                   ; On                   ;
; Auto Open-Drain Pins                                             ; On                   ; On                   ;
; Perform WYSIWYG Primitive Resynthesis                            ; Off                  ; Off                  ;
; Auto ROM Replacement                                             ; On                   ; On                   ;
; Auto RAM Replacement                                             ; On                   ; On                   ;
; Auto DSP Block Replacement                                       ; On                   ; On                   ;
; Auto Shift Register Replacement                                  ; Auto                 ; Auto                 ;
; Allow Shift Register Merging across Hierarchies                  ; Auto                 ; Auto                 ;
; Auto Clock Enable Replacement                                    ; On                   ; On                   ;
; Strict RAM Replacement                                           ; Off                  ; Off                  ;
; Allow Synchronous Control Signals                                ; On                   ; On                   ;
; Force Use of Synchronous Clear Signals                           ; Off                  ; Off                  ;
; Auto RAM Block Balancing                                         ; On                   ; On                   ;
; Auto RAM to Logic Cell Conversion                                ; Off                  ; Off                  ;
; Auto Resource Sharing                                            ; Off                  ; Off                  ;
; Allow Any RAM Size For Recognition                               ; Off                  ; Off                  ;
; Allow Any ROM Size For Recognition                               ; Off                  ; Off                  ;
; Allow Any Shift Register Size For Recognition                    ; Off                  ; Off                  ;
; Use LogicLock Constraints during Resource Balancing              ; On                   ; On                   ;
; Ignore translate_off and synthesis_off directives                ; Off                  ; Off                  ;
; Timing-Driven Synthesis                                          ; On                   ; On                   ;
; Report Parameter Settings                                        ; On                   ; On                   ;
; Report Source Assignments                                        ; On                   ; On                   ;
; Report Connectivity Checks                                       ; On                   ; On                   ;
; Ignore Maximum Fan-Out Assignments                               ; Off                  ; Off                  ;
; Synchronization Register Chain Length                            ; 2                    ; 2                    ;
; Power Optimization During Synthesis                              ; Normal compilation   ; Normal compilation   ;
; HDL message level                                                ; Level2               ; Level2               ;
; Suppress Register Optimization Related Messages                  ; Off                  ; Off                  ;
; Number of Removed Registers Reported in Synthesis Report         ; 5000                 ; 5000                 ;
; Number of Swept Nodes Reported in Synthesis Report               ; 5000                 ; 5000                 ;
; Number of Inverted Registers Reported in Synthesis Report        ; 100                  ; 100                  ;
; Clock MUX Protection                                             ; On                   ; On                   ;
; Auto Gated Clock Conversion                                      ; Off                  ; Off                  ;
; Block Design Naming                                              ; Auto                 ; Auto                 ;
; SDC constraint protection                                        ; Off                  ; Off                  ;
; Synthesis Effort                                                 ; Auto                 ; Auto                 ;
; Shift Register Replacement - Allow Asynchronous Clear Signal     ; On                   ; On                   ;
; Pre-Mapping Resynthesis Optimization                             ; Off                  ; Off                  ;
; Analysis & Synthesis Message Level                               ; Medium               ; Medium               ;
; Disable Register Merging Across Hierarchies                      ; Auto                 ; Auto                 ;
; Resource Aware Inference For Block RAM                           ; On                   ; On                   ;
+------------------------------------------------------------------+----------------------+----------------------+


+------------------------------------------+
; Parallel Compilation                     ;
+----------------------------+-------------+
; Processors                 ; Number      ;
+----------------------------+-------------+
; Number detected on machine ; 12          ;
; Maximum allowed            ; 6           ;
;                            ;             ;
; Average used               ; 1.00        ;
; Maximum used               ; 6           ;
;                            ;             ;
; Usage by Processor         ; % Time Used ;
;     Processor 1            ; 100.0%      ;
;     Processors 2-6         ;   0.0%      ;
+----------------------------+-------------+


+--------------------------------------------------------------------------------------------------------------------------------------------------------------------------------------------------------------------+
; Analysis & Synthesis Source Files Read                                                                                                                                                                             ;
+----------------------------------------------------+-----------------+-----------------+-----------------------------------------------------------------------------------------------------------------+---------+
; File Name with User-Entered Path                   ; Used in Netlist ; File Type       ; File Name with Absolute Path                                                                                    ; Library ;
+----------------------------------------------------+-----------------+-----------------+-----------------------------------------------------------------------------------------------------------------+---------+
; ../vhdl/base/LogisimClockComponent_entity.vhd      ; yes             ; User VHDL File  ; C:/Users/a2408732/logisim_evolution_workspace/professoruim/main/vhdl/base/LogisimClockComponent_entity.vhd      ;         ;
; ../vhdl/base/logisimTickGenerator_entity.vhd       ; yes             ; User VHDL File  ; C:/Users/a2408732/logisim_evolution_workspace/professoruim/main/vhdl/base/logisimTickGenerator_entity.vhd       ;         ;
; ../vhdl/circuit/bcd_7seg_entity.vhd                ; yes             ; User VHDL File  ; C:/Users/a2408732/logisim_evolution_workspace/professoruim/main/vhdl/circuit/bcd_7seg_entity.vhd                ;         ;
; ../vhdl/circuit/count4_entity.vhd                  ; yes             ; User VHDL File  ; C:/Users/a2408732/logisim_evolution_workspace/professoruim/main/vhdl/circuit/count4_entity.vhd                  ;         ;
; ../vhdl/circuit/main_entity.vhd                    ; yes             ; User VHDL File  ; C:/Users/a2408732/logisim_evolution_workspace/professoruim/main/vhdl/circuit/main_entity.vhd                    ;         ;
; ../vhdl/toplevel/logisimTopLevelShell_entity.vhd   ; yes             ; User VHDL File  ; C:/Users/a2408732/logisim_evolution_workspace/professoruim/main/vhdl/toplevel/logisimTopLevelShell_entity.vhd   ;         ;
; ../vhdl/base/LogisimClockComponent_behavior.vhd    ; yes             ; User VHDL File  ; C:/Users/a2408732/logisim_evolution_workspace/professoruim/main/vhdl/base/LogisimClockComponent_behavior.vhd    ;         ;
; ../vhdl/base/logisimTickGenerator_behavior.vhd     ; yes             ; User VHDL File  ; C:/Users/a2408732/logisim_evolution_workspace/professoruim/main/vhdl/base/logisimTickGenerator_behavior.vhd     ;         ;
; ../vhdl/circuit/bcd_7seg_behavior.vhd              ; yes             ; User VHDL File  ; C:/Users/a2408732/logisim_evolution_workspace/professoruim/main/vhdl/circuit/bcd_7seg_behavior.vhd              ;         ;
; ../vhdl/circuit/count4_behavior.vhd                ; yes             ; User VHDL File  ; C:/Users/a2408732/logisim_evolution_workspace/professoruim/main/vhdl/circuit/count4_behavior.vhd                ;         ;
; ../vhdl/circuit/main_behavior.vhd                  ; yes             ; User VHDL File  ; C:/Users/a2408732/logisim_evolution_workspace/professoruim/main/vhdl/circuit/main_behavior.vhd                  ;         ;
; ../vhdl/toplevel/logisimTopLevelShell_behavior.vhd ; yes             ; User VHDL File  ; C:/Users/a2408732/logisim_evolution_workspace/professoruim/main/vhdl/toplevel/logisimTopLevelShell_behavior.vhd ;         ;
+----------------------------------------------------+-----------------+-----------------+-----------------------------------------------------------------------------------------------------------------+---------+


+---------------------------------------------------------------------+
; Analysis & Synthesis Resource Usage Summary                         ;
+---------------------------------------------+-----------------------+
; Resource                                    ; Usage                 ;
+---------------------------------------------+-----------------------+
; Estimated Total logic elements              ; 79                    ;
;                                             ;                       ;
; Total combinational functions               ; 77                    ;
; Logic element usage by number of LUT inputs ;                       ;
;     -- 4 input functions                    ; 50                    ;
;     -- 3 input functions                    ; 4                     ;
;     -- <=2 input functions                  ; 23                    ;
;                                             ;                       ;
; Logic elements by mode                      ;                       ;
;     -- normal mode                          ; 56                    ;
;     -- arithmetic mode                      ; 21                    ;
;                                             ;                       ;
; Total registers                             ; 45                    ;
;     -- Dedicated logic registers            ; 45                    ;
;     -- I/O registers                        ; 0                     ;
;                                             ;                       ;
; I/O pins                                    ; 35                    ;
;                                             ;                       ;
; Embedded Multiplier 9-bit elements          ; 0                     ;
;                                             ;                       ;
; Maximum fan-out node                        ; fpgaGlobalClock~input ;
; Maximum fan-out                             ; 26                    ;
; Total fan-out                               ; 438                   ;
; Average fan-out                             ; 2.28                  ;
+---------------------------------------------+-----------------------+


+------------------------------------------------------------------------------------------------------------------------------------------------------------------------------------------------------------------------------------------------------------------------------------------+
; Analysis & Synthesis Resource Utilization by Entity                                                                                                                                                                                                                                      ;
+-----------------------------------+---------------------+---------------------------+-------------+------------+--------------+---------+-----------+------+--------------+------------+----------------------------------------------------------+-----------------------+--------------+
; Compilation Hierarchy Node        ; Combinational ALUTs ; Dedicated Logic Registers ; Memory Bits ; UFM Blocks ; DSP Elements ; DSP 9x9 ; DSP 18x18 ; Pins ; Virtual Pins ; ADC blocks ; Full Hierarchy Name                                      ; Entity Name           ; Library Name ;
+-----------------------------------+---------------------+---------------------------+-------------+------------+--------------+---------+-----------+------+--------------+------------+----------------------------------------------------------+-----------------------+--------------+
; |logisimTopLevelShell             ; 77 (0)              ; 45 (0)                    ; 0           ; 0          ; 0            ; 0       ; 0         ; 35   ; 0            ; 0          ; |logisimTopLevelShell                                    ; logisimTopLevelShell  ; work         ;
;    |LogisimClockComponent:BASE_1| ; 1 (1)               ; 3 (3)                     ; 0           ; 0          ; 0            ; 0       ; 0         ; 0    ; 0            ; 0          ; |logisimTopLevelShell|LogisimClockComponent:BASE_1       ; LogisimClockComponent ; work         ;
;    |logisimTickGenerator:BASE_0|  ; 29 (29)             ; 23 (23)                   ; 0           ; 0          ; 0            ; 0       ; 0         ; 0    ; 0            ; 0          ; |logisimTopLevelShell|logisimTickGenerator:BASE_0        ; logisimTickGenerator  ; work         ;
;    |main:CIRCUIT_0|               ; 47 (0)              ; 19 (0)                    ; 0           ; 0          ; 0            ; 0       ; 0         ; 0    ; 0            ; 0          ; |logisimTopLevelShell|main:CIRCUIT_0                     ; main                  ; work         ;
;       |bcd_7seg:bcd_7seg_1|       ; 7 (7)               ; 0 (0)                     ; 0           ; 0          ; 0            ; 0       ; 0         ; 0    ; 0            ; 0          ; |logisimTopLevelShell|main:CIRCUIT_0|bcd_7seg:bcd_7seg_1 ; bcd_7seg              ; work         ;
;       |bcd_7seg:bcd_7seg_2|       ; 7 (7)               ; 0 (0)                     ; 0           ; 0          ; 0            ; 0       ; 0         ; 0    ; 0            ; 0          ; |logisimTopLevelShell|main:CIRCUIT_0|bcd_7seg:bcd_7seg_2 ; bcd_7seg              ; work         ;
;       |bcd_7seg:bcd_7seg_3|       ; 7 (7)               ; 0 (0)                     ; 0           ; 0          ; 0            ; 0       ; 0         ; 0    ; 0            ; 0          ; |logisimTopLevelShell|main:CIRCUIT_0|bcd_7seg:bcd_7seg_3 ; bcd_7seg              ; work         ;
;       |bcd_7seg:bcd_7seg_4|       ; 7 (7)               ; 0 (0)                     ; 0           ; 0          ; 0            ; 0       ; 0         ; 0    ; 0            ; 0          ; |logisimTopLevelShell|main:CIRCUIT_0|bcd_7seg:bcd_7seg_4 ; bcd_7seg              ; work         ;
;       |count4:count4_1|           ; 5 (5)               ; 5 (5)                     ; 0           ; 0          ; 0            ; 0       ; 0         ; 0    ; 0            ; 0          ; |logisimTopLevelShell|main:CIRCUIT_0|count4:count4_1     ; count4                ; work         ;
;       |count4:count4_2|           ; 5 (5)               ; 5 (5)                     ; 0           ; 0          ; 0            ; 0       ; 0         ; 0    ; 0            ; 0          ; |logisimTopLevelShell|main:CIRCUIT_0|count4:count4_2     ; count4                ; work         ;
;       |count4:count4_3|           ; 5 (5)               ; 5 (5)                     ; 0           ; 0          ; 0            ; 0       ; 0         ; 0    ; 0            ; 0          ; |logisimTopLevelShell|main:CIRCUIT_0|count4:count4_3     ; count4                ; work         ;
;       |count4:count4_4|           ; 4 (4)               ; 4 (4)                     ; 0           ; 0          ; 0            ; 0       ; 0         ; 0    ; 0            ; 0          ; |logisimTopLevelShell|main:CIRCUIT_0|count4:count4_4     ; count4                ; work         ;
+-----------------------------------+---------------------+---------------------------+-------------+------------+--------------+---------+-----------+------+--------------+------------+----------------------------------------------------------+-----------------------+--------------+
Note: For table entries with two numbers listed, the numbers in parentheses indicate the number of resources of the given type used by the specific entity alone. The numbers listed outside of parentheses indicate the total resources of the given type used by the specific entity and all of its sub-entities in the hierarchy.


+-----------------------------------------------------------------------------------------+
; Registers Removed During Synthesis                                                      ;
+------------------------------------------------+----------------------------------------+
; Register name                                  ; Reason for Removal                     ;
+------------------------------------------------+----------------------------------------+
; LogisimClockComponent:BASE_1|s_counterValue[0] ; Stuck at GND due to stuck port data_in ;
; Total Number of Removed Registers = 1          ;                                        ;
+------------------------------------------------+----------------------------------------+


+------------------------------------------------------+
; General Register Statistics                          ;
+----------------------------------------------+-------+
; Statistic                                    ; Value ;
+----------------------------------------------+-------+
; Total registers                              ; 45    ;
; Number of registers using Synchronous Clear  ; 8     ;
; Number of registers using Synchronous Load   ; 0     ;
; Number of registers using Asynchronous Clear ; 16    ;
; Number of registers using Asynchronous Load  ; 0     ;
; Number of registers using Clock Enable       ; 3     ;
; Number of registers using Preset             ; 0     ;
+----------------------------------------------+-------+


+--------------------------------------------------------------------------+
; Parameter Settings for User Entity Instance: logisimTickGenerator:BASE_0 ;
+----------------+---------+-----------------------------------------------+
; Parameter Name ; Value   ; Type                                          ;
+----------------+---------+-----------------------------------------------+
; nrofbits       ; 22      ; Signed Integer                                ;
; reloadvalue    ; 3125000 ; Signed Integer                                ;
+----------------+---------+-----------------------------------------------+
Note: In order to hide this table in the UI and the text report file, please set the "Show Parameter Settings in Synthesis Report" option in "Analysis and Synthesis Settings -> More Settings" to "Off".


+---------------------------------------------------------------------------+
; Parameter Settings for User Entity Instance: LogisimClockComponent:BASE_1 ;
+----------------+-------+--------------------------------------------------+
; Parameter Name ; Value ; Type                                             ;
+----------------+-------+--------------------------------------------------+
; highticks      ; 1     ; Signed Integer                                   ;
; lowticks       ; 1     ; Signed Integer                                   ;
; nrofbits       ; 1     ; Signed Integer                                   ;
; phase          ; 1     ; Signed Integer                                   ;
+----------------+-------+--------------------------------------------------+
Note: In order to hide this table in the UI and the text report file, please set the "Show Parameter Settings in Synthesis Report" option in "Analysis and Synthesis Settings -> More Settings" to "Off".


+----------------------------------------------------------------------------------------------------------------+
; Port Connectivity Checks: "main:CIRCUIT_0|count4:count4_4"                                                     ;
+------+--------+----------+-------------------------------------------------------------------------------------+
; Port ; Type   ; Severity ; Details                                                                             ;
+------+--------+----------+-------------------------------------------------------------------------------------+
; carr ; Output ; Info     ; Connected to dangling logic. Logic that only feeds a dangling port will be removed. ;
+------+--------+----------+-------------------------------------------------------------------------------------+


+-----------------------------------------------------+
; Post-Synthesis Netlist Statistics for Top Partition ;
+-----------------------+-----------------------------+
; Type                  ; Count                       ;
+-----------------------+-----------------------------+
; boundary_port         ; 35                          ;
; cycloneiii_ff         ; 45                          ;
;     CLR               ; 16                          ;
;     ENA               ; 3                           ;
;     SCLR              ; 8                           ;
;     plain             ; 18                          ;
; cycloneiii_lcell_comb ; 82                          ;
;     arith             ; 21                          ;
;         2 data inputs ; 21                          ;
;     normal            ; 61                          ;
;         0 data inputs ; 1                           ;
;         1 data inputs ; 5                           ;
;         2 data inputs ; 1                           ;
;         3 data inputs ; 4                           ;
;         4 data inputs ; 50                          ;
;                       ;                             ;
; Max LUT depth         ; 3.10                        ;
; Average LUT depth     ; 1.90                        ;
+-----------------------+-----------------------------+


+-------------------------------+
; Elapsed Time Per Partition    ;
+----------------+--------------+
; Partition Name ; Elapsed Time ;
+----------------+--------------+
; Top            ; 00:00:00     ;
+----------------+--------------+


+-------------------------------+
; Analysis & Synthesis Messages ;
+-------------------------------+
Info: *******************************************************************
Info: Running Quartus Prime Analysis & Synthesis
    Info: Version 22.1std.1 Build 917 02/14/2023 SC Lite Edition
    Info: Processing started: Mon May 20 11:26:01 2024
Info: Command: quartus_map --read_settings_files=on --write_settings_files=off logisimTopLevelShell -c logisimTopLevelShell
Warning (18236): Number of processors has not been specified which may cause overloading on shared machines.  Set the global assignment NUM_PARALLEL_PROCESSORS in your QSF to an appropriate value for best performance.
Info (20030): Parallel compilation is enabled and will use 6 of the 6 processors detected
Info (12021): Found 1 design units, including 1 entities, in source file /users/a2408732/logisim_evolution_workspace/professoruim/main/vhdl/base/logisimclockcomponent_entity.vhd
    Info (12023): Found entity 1: LogisimClockComponent File: C:/Users/a2408732/logisim_evolution_workspace/professoruim/main/vhdl/base/LogisimClockComponent_entity.vhd Line: 17
Info (12021): Found 1 design units, including 1 entities, in source file /users/a2408732/logisim_evolution_workspace/professoruim/main/vhdl/base/logisimtickgenerator_entity.vhd
    Info (12023): Found entity 1: logisimTickGenerator File: C:/Users/a2408732/logisim_evolution_workspace/professoruim/main/vhdl/base/logisimTickGenerator_entity.vhd Line: 17
Info (12021): Found 1 design units, including 1 entities, in source file /users/a2408732/logisim_evolution_workspace/professoruim/main/vhdl/circuit/bcd_7seg_entity.vhd
    Info (12023): Found entity 1: bcd_7seg File: C:/Users/a2408732/logisim_evolution_workspace/professoruim/main/vhdl/circuit/bcd_7seg_entity.vhd Line: 17
Info (12021): Found 1 design units, including 1 entities, in source file /users/a2408732/logisim_evolution_workspace/professoruim/main/vhdl/circuit/count4_entity.vhd
    Info (12023): Found entity 1: count4 File: C:/Users/a2408732/logisim_evolution_workspace/professoruim/main/vhdl/circuit/count4_entity.vhd Line: 17
Info (12021): Found 1 design units, including 1 entities, in source file /users/a2408732/logisim_evolution_workspace/professoruim/main/vhdl/circuit/main_entity.vhd
    Info (12023): Found entity 1: main File: C:/Users/a2408732/logisim_evolution_workspace/professoruim/main/vhdl/circuit/main_entity.vhd Line: 17
Info (12021): Found 1 design units, including 1 entities, in source file /users/a2408732/logisim_evolution_workspace/professoruim/main/vhdl/toplevel/logisimtoplevelshell_entity.vhd
    Info (12023): Found entity 1: logisimTopLevelShell File: C:/Users/a2408732/logisim_evolution_workspace/professoruim/main/vhdl/toplevel/logisimTopLevelShell_entity.vhd Line: 17
Info (12021): Found 1 design units, including 0 entities, in source file /users/a2408732/logisim_evolution_workspace/professoruim/main/vhdl/base/logisimclockcomponent_behavior.vhd
    Info (12022): Found design unit 1: LogisimClockComponent-platformIndependent File: C:/Users/a2408732/logisim_evolution_workspace/professoruim/main/vhdl/base/LogisimClockComponent_behavior.vhd Line: 11
Info (12021): Found 1 design units, including 0 entities, in source file /users/a2408732/logisim_evolution_workspace/professoruim/main/vhdl/base/logisimtickgenerator_behavior.vhd
    Info (12022): Found design unit 1: logisimTickGenerator-platformIndependent File: C:/Users/a2408732/logisim_evolution_workspace/professoruim/main/vhdl/base/logisimTickGenerator_behavior.vhd Line: 11
Info (12021): Found 1 design units, including 0 entities, in source file /users/a2408732/logisim_evolution_workspace/professoruim/main/vhdl/circuit/bcd_7seg_behavior.vhd
    Info (12022): Found design unit 1: bcd_7seg-trans File: C:/Users/a2408732/logisim_evolution_workspace/professoruim/main/vhdl/circuit/bcd_7seg_behavior.vhd Line: 15
Info (12021): Found 1 design units, including 0 entities, in source file /users/a2408732/logisim_evolution_workspace/professoruim/main/vhdl/circuit/count4_behavior.vhd
    Info (12022): Found design unit 1: count4-trans File: C:/Users/a2408732/logisim_evolution_workspace/professoruim/main/vhdl/circuit/count4_behavior.vhd Line: 16
Info (12021): Found 1 design units, including 0 entities, in source file /users/a2408732/logisim_evolution_workspace/professoruim/main/vhdl/circuit/main_behavior.vhd
    Info (12022): Found design unit 1: main-platformIndependent File: C:/Users/a2408732/logisim_evolution_workspace/professoruim/main/vhdl/circuit/main_behavior.vhd Line: 11
Info (12021): Found 1 design units, including 0 entities, in source file /users/a2408732/logisim_evolution_workspace/professoruim/main/vhdl/toplevel/logisimtoplevelshell_behavior.vhd
    Info (12022): Found design unit 1: logisimTopLevelShell-platformIndependent File: C:/Users/a2408732/logisim_evolution_workspace/professoruim/main/vhdl/toplevel/logisimTopLevelShell_behavior.vhd Line: 11
Info (12127): Elaborating entity "logisimTopLevelShell" for the top level hierarchy
Info (12128): Elaborating entity "logisimTickGenerator" for hierarchy "logisimTickGenerator:BASE_0" File: C:/Users/a2408732/logisim_evolution_workspace/professoruim/main/vhdl/toplevel/logisimTopLevelShell_behavior.vhd Line: 90
Info (12128): Elaborating entity "LogisimClockComponent" for hierarchy "LogisimClockComponent:BASE_1" File: C:/Users/a2408732/logisim_evolution_workspace/professoruim/main/vhdl/toplevel/logisimTopLevelShell_behavior.vhd Line: 96
Warning (10445): VHDL Subtype or Type Declaration warning at LogisimClockComponent_behavior.vhd(62): subtype or type has null range File: C:/Users/a2408732/logisim_evolution_workspace/professoruim/main/vhdl/base/LogisimClockComponent_behavior.vhd Line: 62
Info (12128): Elaborating entity "main" for hierarchy "main:CIRCUIT_0" File: C:/Users/a2408732/logisim_evolution_workspace/professoruim/main/vhdl/toplevel/logisimTopLevelShell_behavior.vhd Line: 108
Info (12128): Elaborating entity "bcd_7seg" for hierarchy "main:CIRCUIT_0|bcd_7seg:bcd_7seg_1" File: C:/Users/a2408732/logisim_evolution_workspace/professoruim/main/vhdl/circuit/main_behavior.vhd Line: 156
Info (12128): Elaborating entity "count4" for hierarchy "main:CIRCUIT_0|count4:count4_1" File: C:/Users/a2408732/logisim_evolution_workspace/professoruim/main/vhdl/circuit/main_behavior.vhd Line: 160
Warning (13024): Output pins are stuck at VCC or GND
    Warning (13410): Pin "L_7_Segment_Display_1_DecimalPoint" is stuck at VCC File: C:/Users/a2408732/logisim_evolution_workspace/professoruim/main/vhdl/toplevel/logisimTopLevelShell_entity.vhd Line: 20
    Warning (13410): Pin "L_7_Segment_Display_2_DecimalPoint" is stuck at VCC File: C:/Users/a2408732/logisim_evolution_workspace/professoruim/main/vhdl/toplevel/logisimTopLevelShell_entity.vhd Line: 28
    Warning (13410): Pin "L_7_Segment_Display_3_DecimalPoint" is stuck at VCC File: C:/Users/a2408732/logisim_evolution_workspace/professoruim/main/vhdl/toplevel/logisimTopLevelShell_entity.vhd Line: 36
    Warning (13410): Pin "L_7_Segment_Display_4_DecimalPoint" is stuck at VCC File: C:/Users/a2408732/logisim_evolution_workspace/professoruim/main/vhdl/toplevel/logisimTopLevelShell_entity.vhd Line: 44
Info (286030): Timing-Driven Synthesis is running
Info (16010): Generating hard_block partition "hard_block:auto_generated_inst"
    Info (16011): Adding 0 node(s), including 0 DDIO, 0 PLL, 0 transceiver and 0 LCELL
Info (21057): Implemented 115 device resources after synthesis - the final resource count might be different
    Info (21058): Implemented 2 input pins
    Info (21059): Implemented 33 output pins
    Info (21061): Implemented 80 logic cells
Info: Quartus Prime Analysis & Synthesis was successful. 0 errors, 7 warnings
    Info: Peak virtual memory: 4827 megabytes
    Info: Processing ended: Mon May 20 11:26:08 2024
    Info: Elapsed time: 00:00:07
    Info: Total CPU time (on all processors): 00:00:14


